juaJUA/Library/Bee/Android/Prj/Mono2x/Gradle/unityLibrary/build/intermediates/manifest_merge_blame_file/debug/manifest-merger-blame-debug-report.txt
1<?xml version="1.0" encoding="utf-8"?>
2<manifest xmlns:android="http://schemas.android.com/apk/res/android"
3    xmlns:tools="http://schemas.android.com/tools"
4    package="com.unity3d.player"
5    android:versionCode="1"
6    android:versionName="1.0" >
7
8    <uses-sdk
9        android:minSdkVersion="26"
9-->src\main\AndroidManifest.xml
10        android:targetSdkVersion="30" />
10-->src\main\AndroidManifest.xml
11
12    <uses-feature android:glEsVersion="0x00030000" />
12-->src\main\AndroidManifest.xml:19:3-52
12-->src\main\AndroidManifest.xml:19:17-49
13    <uses-feature
13-->src\main\AndroidManifest.xml:20:3-91
14        android:name="android.hardware.vulkan.version"
14-->src\main\AndroidManifest.xml:20:17-63
15        android:required="false" />
15-->src\main\AndroidManifest.xml:20:64-88
16    <uses-feature
16-->src\main\AndroidManifest.xml:21:3-84
17        android:name="android.hardware.type.pc"
17-->src\main\AndroidManifest.xml:21:17-56
18        android:required="false" />
18-->src\main\AndroidManifest.xml:21:57-81
19    <uses-feature android:name="android.software.home_screen" />
19-->src\main\AndroidManifest.xml:22:3-63
19-->src\main\AndroidManifest.xml:22:17-60
20
21    <uses-permission android:name="android.permission.INTERNET" />
21-->src\main\AndroidManifest.xml:23:3-65
21-->src\main\AndroidManifest.xml:23:20-62
22    <uses-permission android:name="android.permission.VIBRATE" />
22-->src\main\AndroidManifest.xml:24:3-64
22-->src\main\AndroidManifest.xml:24:20-61
23    <uses-permission android:name="android.permission.ACCESS_NETWORK_STATE" />
23-->src\main\AndroidManifest.xml:25:3-77
23-->src\main\AndroidManifest.xml:25:20-74
24    <uses-permission android:name="android.permission.ACCESS_FINE_LOCATION" />
24-->src\main\AndroidManifest.xml:26:3-77
24-->src\main\AndroidManifest.xml:26:20-74
25
26    <uses-feature
26-->src\main\AndroidManifest.xml:27:3-89
27        android:name="android.hardware.location.gps"
27-->src\main\AndroidManifest.xml:27:17-61
28        android:required="false" />
28-->src\main\AndroidManifest.xml:27:62-86
29    <uses-feature
29-->src\main\AndroidManifest.xml:28:3-85
30        android:name="android.hardware.location"
30-->src\main\AndroidManifest.xml:28:17-57
31        android:required="false" />
31-->src\main\AndroidManifest.xml:28:58-82
32
33    <uses-permission android:name="android.permission.CAMERA" />
33-->src\main\AndroidManifest.xml:29:3-63
33-->src\main\AndroidManifest.xml:29:20-60
34
35    <uses-feature
35-->src\main\AndroidManifest.xml:30:3-83
36        android:name="android.hardware.camera"
36-->src\main\AndroidManifest.xml:30:17-55
37        android:required="false" />
37-->src\main\AndroidManifest.xml:30:56-80
38    <uses-feature
38-->src\main\AndroidManifest.xml:31:3-93
39        android:name="android.hardware.camera.autofocus"
39-->src\main\AndroidManifest.xml:31:17-65
40        android:required="false" />
40-->src\main\AndroidManifest.xml:31:66-90
41    <uses-feature
41-->src\main\AndroidManifest.xml:32:3-89
42        android:name="android.hardware.camera.front"
42-->src\main\AndroidManifest.xml:32:17-61
43        android:required="false" />
43-->src\main\AndroidManifest.xml:32:62-86
44    <uses-feature
44-->src\main\AndroidManifest.xml:33:3-97
45        android:name="android.hardware.sensor.accelerometer"
45-->src\main\AndroidManifest.xml:33:17-69
46        android:required="false" />
46-->src\main\AndroidManifest.xml:33:70-94
47    <uses-feature
47-->src\main\AndroidManifest.xml:34:3-88
48        android:name="android.hardware.touchscreen"
48-->src\main\AndroidManifest.xml:34:17-60
49        android:required="false" />
49-->src\main\AndroidManifest.xml:34:61-85
50    <uses-feature
50-->src\main\AndroidManifest.xml:35:3-99
51        android:name="android.hardware.touchscreen.multitouch"
51-->src\main\AndroidManifest.xml:35:17-71
52        android:required="false" />
52-->src\main\AndroidManifest.xml:35:72-96
53    <uses-feature
53-->src\main\AndroidManifest.xml:36:3-108
54        android:name="android.hardware.touchscreen.multitouch.distinct"
54-->src\main\AndroidManifest.xml:36:17-80
55        android:required="false" />
55-->src\main\AndroidManifest.xml:36:81-105
56
57    <application android:extractNativeLibs="true" >
57-->src\main\AndroidManifest.xml:3:3-18:17
57-->src\main\AndroidManifest.xml:3:16-48
58        <activity
58-->src\main\AndroidManifest.xml:4:5-11:16
59            android:name="com.unity3d.player.UnityPlayerActivity"
59-->src\main\AndroidManifest.xml:4:15-68
60            android:configChanges="mcc|mnc|locale|touchscreen|keyboard|keyboardHidden|navigation|orientation|screenLayout|uiMode|screenSize|smallestScreenSize|fontScale|layoutDirection|density"
60-->src\main\AndroidManifest.xml:4:180-361
61            android:hardwareAccelerated="false"
61-->src\main\AndroidManifest.xml:4:397-432
62            android:launchMode="singleTask"
62-->src\main\AndroidManifest.xml:4:148-179
63            android:resizeableActivity="false"
63-->src\main\AndroidManifest.xml:4:362-396
64            android:screenOrientation="fullUser"
64-->src\main\AndroidManifest.xml:4:111-147
65            android:theme="@style/UnityThemeSelector" >
65-->src\main\AndroidManifest.xml:4:69-110
66            <intent-filter>
66-->src\main\AndroidManifest.xml:5:7-8:23
67                <action android:name="android.intent.action.MAIN" />
67-->src\main\AndroidManifest.xml:6:9-61
67-->src\main\AndroidManifest.xml:6:17-58
68
69                <category android:name="android.intent.category.LAUNCHER" />
69-->src\main\AndroidManifest.xml:7:9-69
69-->src\main\AndroidManifest.xml:7:19-66
70            </intent-filter>
71
72            <meta-data
72-->src\main\AndroidManifest.xml:9:7-82
73                android:name="unityplayer.UnityActivity"
73-->src\main\AndroidManifest.xml:9:18-58
74                android:value="true" />
74-->src\main\AndroidManifest.xml:9:59-79
75            <meta-data
75-->src\main\AndroidManifest.xml:10:7-78
76                android:name="android.notch_support"
76-->src\main\AndroidManifest.xml:10:18-54
77                android:value="true" />
77-->src\main\AndroidManifest.xml:10:55-75
78        </activity>
79
80        <meta-data
80-->src\main\AndroidManifest.xml:12:5-69
81            android:name="unity.splash-mode"
81-->src\main\AndroidManifest.xml:12:16-48
82            android:value="0" />
82-->src\main\AndroidManifest.xml:12:49-66
83        <meta-data
83-->src\main\AndroidManifest.xml:13:5-74
84            android:name="unity.splash-enable"
84-->src\main\AndroidManifest.xml:13:16-50
85            android:value="True" />
85-->src\main\AndroidManifest.xml:13:51-71
86        <meta-data
86-->src\main\AndroidManifest.xml:14:5-78
87            android:name="unity.launch-fullscreen"
87-->src\main\AndroidManifest.xml:14:16-54
88            android:value="True" />
88-->src\main\AndroidManifest.xml:14:55-75
89        <meta-data
89-->src\main\AndroidManifest.xml:15:5-84
90            android:name="unity.allow-resizable-window"
90-->src\main\AndroidManifest.xml:15:16-59
91            android:value="False" />
91-->src\main\AndroidManifest.xml:15:60-81
92        <meta-data
92-->src\main\AndroidManifest.xml:16:5-81
93            android:name="notch.config"
93-->src\main\AndroidManifest.xml:16:16-43
94            android:value="portrait|landscape" />
94-->src\main\AndroidManifest.xml:16:44-78
95        <meta-data
95-->src\main\AndroidManifest.xml:17:5-77
96            android:name="com.google.ar.core"
96-->src\main\AndroidManifest.xml:17:16-49
97            android:value="optional" />
97-->src\main\AndroidManifest.xml:17:50-74
98    </application>
99
100</manifest>